#
# There is insufficient memory for the Java Runtime Environment to continue.
# Native memory allocation (malloc) failed to allocate 1048576 bytes for AllocateHeap
# Possible reasons:
#   The system is out of physical RAM or swap space
#   The process is running with CompressedOops enabled, and the Java Heap may be blocking the growth of the native heap
# Possible solutions:
#   Reduce memory load on the system
#   Increase physical memory or swap space
#   Check if swap backing store is full
#   Decrease Java heap size (-Xmx/-Xms)
#   Decrease number of Java threads
#   Decrease Java thread stack sizes (-Xss)
#   Set larger code cache with -XX:ReservedCodeCacheSize=
# This output file may be truncated or incomplete.
#
#  Out of Memory Error (./src/hotspot/share/memory/allocation.cpp:46), pid=5108, tid=9516
#
# JRE version:  (11.0.8+10) (build )
# Java VM: OpenJDK 64-Bit Server VM (11.0.8+10-b944.6842174, mixed mode, sharing, tiered, compressed oops, g1 gc, windows-amd64)
# No core dump will be written. Minidumps are not enabled by default on client versions of Windows
#

---------------  S U M M A R Y ------------

Command Line: org.jetbrains.kotlin.cli.jvm.K2JVMCompiler @C:\Users\MI-EQUIPO\AndroidStudioProjects\PedidosApp\app\build\20211125_6292439507673001228.compiler.options

Host: Intel(R) Core(TM) i3 CPU       M 380  @ 2.53GHz, 4 cores, 3G,  Windows 10 , 64 bit Build 18362 (10.0.18362.900)
Time: Thu Nov 25 05:39:54 2021 Hora estándar romance elapsed time: 0 seconds (0d 0h 0m 0s)

---------------  T H R E A D  ---------------

Current thread (0x0000019d47b1d000):  JavaThread "Unknown thread" [_thread_in_vm, id=9516, stack(0x0000002215100000,0x0000002215200000)]

Stack: [0x0000002215100000,0x0000002215200000]
Native frames: (J=compiled Java code, j=interpreted, Vv=VM code, C=native code)
V  [jvm.dll+0x5de50a]
V  [jvm.dll+0x7122f5]
V  [jvm.dll+0x71384d]
V  [jvm.dll+0x713f03]
V  [jvm.dll+0x23e728]
V  [jvm.dll+0xb0144]
V  [jvm.dll+0x2ddd22]
V  [jvm.dll+0x2d6eca]
V  [jvm.dll+0x6f11f7]
V  [jvm.dll+0x6f29ec]
V  [jvm.dll+0x355cb9]
V  [jvm.dll+0x6d4ade]
V  [jvm.dll+0x3bdfe3]
V  [jvm.dll+0x3c0201]
C  [jli.dll+0x5373]
C  [ucrtbase.dll+0x20e82]
C  [KERNEL32.DLL+0x17bd4]
C  [ntdll.dll+0x6ce51]


---------------  P R O C E S S  ---------------

Threads class SMR info:
_java_thread_list=0x0000019d45996500, length=0, elements={
}

Java Threads: ( => current thread )

Other Threads:
  0x0000019d47b36000 GCTaskThread "GC Thread#0" [stack: 0x0000002215200000,0x0000002215300000] [id=10188]

[error occurred during error reporting (printing all threads), id 0xc0000005, EXCEPTION_ACCESS_VIOLATION (0xc0000005) at pc=0x00007ff92fd03110]

VM state:not at safepoint (not fully initialized)

VM Mutex/Monitor currently owned by a thread:  ([mutex/lock_event])
[0x0000019d47b18af0] Heap_lock - owner thread: 0x0000019d47b1d000

Heap address: 0x00000000c5200000, size: 942 MB, Compressed Oops mode: Non-zero based: 0x00000000c5200000
Narrow klass base: 0x0000000000000000, Narrow klass shift: 0

GC Heap History (0 events):
No events

Deoptimization events (0 events):
No events

Classes redefined (0 events):
No events

Internal exceptions (0 events):
No events

Events (1 events):
Event: 0.062 Loaded shared library C:\Program Files\Android\Android Studio\jre\bin\zip.dll


Dynamic libraries:
0x00007ff71d550000 - 0x00007ff71d55a000 	C:\Program Files\Android\Android Studio\jre\bin\java.exe
0x00007ff953c20000 - 0x00007ff953e10000 	C:\WINDOWS\SYSTEM32\ntdll.dll
0x00007ff9536e0000 - 0x00007ff953792000 	C:\WINDOWS\System32\KERNEL32.DLL
0x00007ff950d90000 - 0x00007ff951034000 	C:\WINDOWS\System32\KERNELBASE.dll
0x00007ff951bd0000 - 0x00007ff951cca000 	C:\WINDOWS\System32\ucrtbase.dll
0x00007ff94ad10000 - 0x00007ff94ad29000 	C:\Program Files\Android\Android Studio\jre\bin\jli.dll
0x00007ff946380000 - 0x00007ff946397000 	C:\Program Files\Android\Android Studio\jre\bin\VCRUNTIME140.dll
0x00007ff9520c0000 - 0x00007ff952254000 	C:\WINDOWS\System32\USER32.dll
0x00007ff951090000 - 0x00007ff9510b1000 	C:\WINDOWS\System32\win32u.dll
0x00007ff9404f0000 - 0x00007ff940774000 	C:\WINDOWS\WinSxS\amd64_microsoft.windows.common-controls_6595b64144ccf1df_6.0.18362.900_none_e6beb9d913147d17\COMCTL32.dll
0x00007ff953520000 - 0x00007ff9535be000 	C:\WINDOWS\System32\msvcrt.dll
0x00007ff9538e0000 - 0x00007ff953906000 	C:\WINDOWS\System32\GDI32.dll
0x00007ff9518c0000 - 0x00007ff951a55000 	C:\WINDOWS\System32\gdi32full.dll
0x00007ff951cd0000 - 0x00007ff952005000 	C:\WINDOWS\System32\combase.dll
0x00007ff951b30000 - 0x00007ff951bce000 	C:\WINDOWS\System32\msvcp_win.dll
0x00007ff9535c0000 - 0x00007ff9536e0000 	C:\WINDOWS\System32\RPCRT4.dll
0x00007ff9510c0000 - 0x00007ff951140000 	C:\WINDOWS\System32\bcryptPrimitives.dll
0x00007ff9534f0000 - 0x00007ff95351e000 	C:\WINDOWS\System32\IMM32.DLL
0x00007ff945040000 - 0x00007ff9450dd000 	C:\Program Files\Android\Android Studio\jre\bin\msvcp140.dll
0x00007ff92fa20000 - 0x00007ff9304dc000 	C:\Program Files\Android\Android Studio\jre\bin\server\jvm.dll
0x00007ff953a60000 - 0x00007ff953b03000 	C:\WINDOWS\System32\ADVAPI32.dll
0x00007ff952a60000 - 0x00007ff952af7000 	C:\WINDOWS\System32\sechost.dll
0x00007ff952c80000 - 0x00007ff952c88000 	C:\WINDOWS\System32\PSAPI.DLL
0x00007ff94c760000 - 0x00007ff94c769000 	C:\WINDOWS\SYSTEM32\WSOCK32.dll
0x00007ff94e5f0000 - 0x00007ff94e614000 	C:\WINDOWS\SYSTEM32\WINMM.dll
0x00007ff952260000 - 0x00007ff9522cf000 	C:\WINDOWS\System32\WS2_32.dll
0x00007ff9423b0000 - 0x00007ff9423ba000 	C:\WINDOWS\SYSTEM32\VERSION.dll
0x00007ff94e5c0000 - 0x00007ff94e5ed000 	C:\WINDOWS\SYSTEM32\winmmbase.dll
0x00007ff951040000 - 0x00007ff95108a000 	C:\WINDOWS\System32\cfgmgr32.dll
0x00007ff950b70000 - 0x00007ff950b81000 	C:\WINDOWS\System32\kernel.appcore.dll
0x00007ff94ac40000 - 0x00007ff94ac51000 	C:\Program Files\Android\Android Studio\jre\bin\verify.dll
0x00007ff92f010000 - 0x00007ff92f204000 	C:\WINDOWS\SYSTEM32\DBGHELP.DLL
0x00007ff93c880000 - 0x00007ff93c8aa000 	C:\WINDOWS\SYSTEM32\dbgcore.DLL
0x00007ff949c90000 - 0x00007ff949cb9000 	C:\Program Files\Android\Android Studio\jre\bin\java.dll
0x00007ff94b4b0000 - 0x00007ff94b4bb000 	C:\Program Files\Android\Android Studio\jre\bin\jimage.dll
0x00007ff949c70000 - 0x00007ff949c88000 	C:\Program Files\Android\Android Studio\jre\bin\zip.dll

dbghelp: loaded successfully - version: 4.0.5 - missing functions: none
symbol engine: initialized successfully - sym options: 0x614 - pdb path: .;C:\Program Files\Android\Android Studio\jre\bin;C:\WINDOWS\SYSTEM32;C:\WINDOWS\WinSxS\amd64_microsoft.windows.common-controls_6595b64144ccf1df_6.0.18362.900_none_e6beb9d913147d17;C:\Program Files\Android\Android Studio\jre\bin\server

VM Arguments:
java_command: org.jetbrains.kotlin.cli.jvm.K2JVMCompiler @C:\Users\MI-EQUIPO\AndroidStudioProjects\PedidosApp\app\build\20211125_6292439507673001228.compiler.options
java_class_path (initial): C:\Users\MI-EQUIPO\.gradle\caches\modules-2\files-2.1\org.jetbrains.kotlin\kotlin-compiler-embeddable\1.5.21\40ddbcae9ff100473f95370c2d589ba3fc48eed5\kotlin-compiler-embeddable-1.5.21.jar;C:\Users\MI-EQUIPO\.gradle\caches\modules-2\files-2.1\org.jetbrains.kotlin\kotlin-reflect\1.5.21\802f1f39735ae1eb2b75714a40fa19bb2e687e96\kotlin-reflect-1.5.21.jar;C:\Users\MI-EQUIPO\.gradle\caches\modules-2\files-2.1\org.jetbrains.kotlin\kotlin-stdlib\1.5.21\2f537cad7e9eeb9da73738c8812e1e4cf9b62e4e\kotlin-stdlib-1.5.21.jar;C:\Users\MI-EQUIPO\.gradle\caches\modules-2\files-2.1\org.jetbrains.kotlin\kotlin-script-runtime\1.5.21\96d49e89873fde985750af354b6eabb60cfa999b\kotlin-script-runtime-1.5.21.jar;C:\Users\MI-EQUIPO\.gradle\caches\modules-2\files-2.1\org.jetbrains.kotlin\kotlin-daemon-embeddable\1.5.21\17255809e66a940dfdf6289bccbdfb5a09f3145\kotlin-daemon-embeddable-1.5.21.jar;C:\Users\MI-EQUIPO\.gradle\caches\modules-2\files-2.1\org.jetbrains.intellij.deps\trove4j\1.0.20181211\216c2e14b070f334479d800987affe4054cd563f\trove4j-1.0.20181211.jar;C:\Users\MI-EQUIPO\.gradle\caches\modules-2\files-2.1\org.jetbrains\annotations\13.0\919f0dfe192fb4e063e7dacadee7f8bb9a2672a9\annotations-13.0.jar;C:\Users\MI-EQUIPO\.gradle\caches\modules-2\files-2.1\org.jetbrains.kotlin\kotlin-stdlib-common\1.5.21\cc8bf3586fd2ebcf234058b9440bb406e62dfacb\kotlin-stdlib-common-1.5.21.jar
Launcher Type: SUN_STANDARD

[Global flags]
     intx CICompilerCount                          = 3                                         {product} {ergonomic}
     uint ConcGCThreads                            = 1                                         {product} {ergonomic}
     uint G1ConcRefinementThreads                  = 4                                         {product} {ergonomic}
   size_t G1HeapRegionSize                         = 1048576                                   {product} {ergonomic}
    uintx GCDrainStackTargetSize                   = 64                                        {product} {ergonomic}
   size_t InitialHeapSize                          = 62914560                                  {product} {ergonomic}
   size_t MarkStackSize                            = 4194304                                   {product} {ergonomic}
   size_t MaxHeapSize                              = 987758592                                 {product} {ergonomic}
   size_t MinHeapDeltaBytes                        = 1048576                                   {product} {ergonomic}
    uintx NonNMethodCodeHeapSize                   = 5830732                                {pd product} {ergonomic}
    uintx NonProfiledCodeHeapSize                  = 122913754                              {pd product} {ergonomic}
    uintx ProfiledCodeHeapSize                     = 122913754                              {pd product} {ergonomic}
    uintx ReservedCodeCacheSize                    = 251658240                              {pd product} {ergonomic}
     bool SegmentedCodeCache                       = true                                      {product} {ergonomic}
     bool UseCompressedClassPointers               = true                                 {lp64_product} {ergonomic}
     bool UseCompressedOops                        = true                                 {lp64_product} {ergonomic}
     bool UseG1GC                                  = true                                      {product} {ergonomic}
     bool UseLargePagesIndividualAllocation        = false                                  {pd product} {ergonomic}

Logging:
Log output configuration:
 #0: stdout all=warning uptime,level,tags
 #1: stderr all=off uptime,level,tags

Environment Variables:
JAVA_HOME=C:\Program Files\Java\jdk1.8.0_111
PATH=C:\RoboDK\Python37\Scripts\;C:\RoboDK\Python37\;C:\Program Files (x86)\VMware\VMware Workstation\bin\;C:\Program Files\Common Files\Siemens\Automation\Simatic OAM\bin;C:\Program Files\Common Files\Oracle\Java\javapath;C:\Program Files (x86)\Common Files\Oracle\Java\javapath;C:\ProgramData\Oracle\Java\javapath;C:\Program Files\Rockwell Software\RSCommon;C:\WINDOWS\system32;C:\WINDOWS;C:\WINDOWS\System32\Wbem;C:\WINDOWS\System32\WindowsPowerShell\v1.0\;C:\WINDOWS\System32\OpenSSH\;C:\Program Files\nodejs\;C:\Program Files\Git\cmd;C:\Users\MI-EQUIPO\AppData\Local\Programs\Python\Python39\python.exe;C:\Users\MI-EQUIPO\AppData\Local\Programs\Python\Python39\Scripts\;C:\Users\MI-EQUIPO\AppData\Local\Programs\Python\Python39\;C:\Users\MI-EQUIPO\AppData\Local\Microsoft\WindowsApps;;C:\Users\MI-EQUIPO\AppData\Local\Programs\Microsoft VS Code\bin;C:\Users\MI-EQUIPO\AppData\Roaming\npm
USERNAME=MI-EQUIPO
OS=Windows_NT
PROCESSOR_IDENTIFIER=Intel64 Family 6 Model 37 Stepping 5, GenuineIntel



---------------  S Y S T E M  ---------------

OS: Windows 10 , 64 bit Build 18362 (10.0.18362.900)
OS uptime: 1 days 0:40 hours

CPU:total 4 (initial active 4) (2 cores per cpu, 2 threads per core) family 6 model 37 stepping 5, cmov, cx8, fxsr, mmx, sse, sse2, sse3, ssse3, sse4.1, sse4.2, popcnt, ht, tsc, tscinvbit

Memory: 4k page, system-wide physical 3764M (295M free)
TotalPageFile size 7836M (AvailPageFile size 1M)
current process WorkingSet (physical memory assigned to process): 9M, peak: 9M
current process commit charge ("private bytes"): 47M, peak: 48M

vm_info: OpenJDK 64-Bit Server VM (11.0.8+10-b944.6842174) for windows-amd64 JRE (11.0.8+10-b944.6842174), built on Sep 19 2020 01:11:42 by "builder" with MS VC++ 14.0 (VS2015)

END.
